# JRE version: Java(TM) SE Runtime Environment (8.0_291-b10) (build 1.8.0_291-b10)
# Java VM: Java HotSpot(TM) 64-Bit Server VM (25.291-b10 mixed mode windows-amd64 compressed oops)
Heap:
 PSYoungGen      total 583680K, used 400387K [0x00000000d6580000, 0x00000000ffa80000, 0x0000000100000000)
  eden space 496640K, 79% used [0x00000000d6580000,0x00000000ee61bc38,0x00000000f4a80000)
  from space 87040K, 7% used [0x00000000fa580000,0x00000000fabe5388,0x00000000ffa80000)
  to   space 90112K, 0% used [0x00000000f4a80000,0x00000000f4a80000,0x00000000fa280000)
 ParOldGen       total 274432K, used 191694K [0x0000000083000000, 0x0000000093c00000, 0x00000000d6580000)
  object space 274432K, 69% used [0x0000000083000000,0x000000008eb33a58,0x0000000093c00000)
 Metaspace       used 39071K, capacity 39734K, committed 39936K, reserved 1083392K
  class space    used 4928K, capacity 5086K, committed 5120K, reserved 1048576K
GC Heap History (10 events):
Event: 25.936 GC heap before
{Heap before GC invocations=18 (full 4):
 PSYoungGen      total 348672K, used 250761K [0x00000000d6580000, 0x00000000f7380000, 0x0000000100000000)
  eden space 244224K, 100% used [0x00000000d6580000,0x00000000e5400000,0x00000000e5400000)
  from space 104448K, 6% used [0x00000000e5400000,0x00000000e5a627b8,0x00000000eba00000)
  to   space 102912K, 0% used [0x00000000f0f00000,0x00000000f0f00000,0x00000000f7380000)
 ParOldGen       total 274432K, used 140600K [0x0000000083000000, 0x0000000093c00000, 0x00000000d6580000)
  object space 274432K, 51% used [0x0000000083000000,0x000000008b94e350,0x0000000093c00000)
 Metaspace       used 33394K, capacity 33916K, committed 34176K, reserved 1079296K
  class space    used 4222K, capacity 4391K, committed 4480K, reserved 1048576K
Event: 25.947 GC heap after
Heap after GC invocations=18 (full 4):
 PSYoungGen      total 436736K, used 8326K [0x00000000d6580000, 0x00000000f7200000, 0x0000000100000000)
  eden space 335360K, 0% used [0x00000000d6580000,0x00000000d6580000,0x00000000ead00000)
  from space 101376K, 8% used [0x00000000f0f00000,0x00000000f17218d8,0x00000000f7200000)
  to   space 100352K, 0% used [0x00000000ead00000,0x00000000ead00000,0x00000000f0f00000)
 ParOldGen       total 274432K, used 142739K [0x0000000083000000, 0x0000000093c00000, 0x00000000d6580000)
  object space 274432K, 52% used [0x0000000083000000,0x000000008bb64ef0,0x0000000093c00000)
 Metaspace       used 33394K, capacity 33916K, committed 34176K, reserved 1079296K
  class space    used 4222K, capacity 4391K, committed 4480K, reserved 1048576K
}
Event: 27.961 GC heap before
{Heap before GC invocations=19 (full 4):
 PSYoungGen      total 436736K, used 338197K [0x00000000d6580000, 0x00000000f7200000, 0x0000000100000000)
  eden space 335360K, 98% used [0x00000000d6580000,0x00000000ea7a3c18,0x00000000ead00000)
  from space 101376K, 8% used [0x00000000f0f00000,0x00000000f17218d8,0x00000000f7200000)
  to   space 100352K, 0% used [0x00000000ead00000,0x00000000ead00000,0x00000000f0f00000)
 ParOldGen       total 274432K, used 142739K [0x0000000083000000, 0x0000000093c00000, 0x00000000d6580000)
  object space 274432K, 52% used [0x0000000083000000,0x000000008bb64ef0,0x0000000093c00000)
 Metaspace       used 38768K, capacity 39332K, committed 39680K, reserved 1083392K
  class space    used 4924K, capacity 5083K, committed 5120K, reserved 1048576K
Event: 28.042 GC heap after
Heap after GC invocations=19 (full 4):
 PSYoungGen      total 435712K, used 46893K [0x00000000d6580000, 0x00000000fe180000, 0x0000000100000000)
  eden space 335360K, 0% used [0x00000000d6580000,0x00000000d6580000,0x00000000ead00000)
  from space 100352K, 46% used [0x00000000ead00000,0x00000000edacb660,0x00000000f0f00000)
  to   space 99328K, 0% used [0x00000000f8080000,0x00000000f8080000,0x00000000fe180000)
 ParOldGen       total 274432K, used 148150K [0x0000000083000000, 0x0000000093c00000, 0x00000000d6580000)
  object space 274432K, 53% used [0x0000000083000000,0x000000008c0ad8f0,0x0000000093c00000)
 Metaspace       used 38768K, capacity 39332K, committed 39680K, reserved 1083392K
  class space    used 4924K, capacity 5083K, committed 5120K, reserved 1048576K
}
Event: 62.367 GC heap before
{Heap before GC invocations=20 (full 4):
 PSYoungGen      total 435712K, used 382253K [0x00000000d6580000, 0x00000000fe180000, 0x0000000100000000)
  eden space 335360K, 100% used [0x00000000d6580000,0x00000000ead00000,0x00000000ead00000)
  from space 100352K, 46% used [0x00000000ead00000,0x00000000edacb660,0x00000000f0f00000)
  to   space 99328K, 0% used [0x00000000f8080000,0x00000000f8080000,0x00000000fe180000)
 ParOldGen       total 274432K, used 148150K [0x0000000083000000, 0x0000000093c00000, 0x00000000d6580000)
  object space 274432K, 53% used [0x0000000083000000,0x000000008c0ad8f0,0x0000000093c00000)
 Metaspace       used 38890K, capacity 39460K, committed 39680K, reserved 1083392K
  class space    used 4924K, capacity 5083K, committed 5120K, reserved 1048576K
Event: 62.379 GC heap after
Heap after GC invocations=20 (full 4):
 PSYoungGen      total 510976K, used 34515K [0x00000000d6580000, 0x00000000fc780000, 0x0000000100000000)
  eden space 438272K, 0% used [0x00000000d6580000,0x00000000d6580000,0x00000000f1180000)
  from space 72704K, 47% used [0x00000000f8080000,0x00000000fa234cd8,0x00000000fc780000)
  to   space 93184K, 0% used [0x00000000f1180000,0x00000000f1180000,0x00000000f6c80000)
 ParOldGen       total 274432K, used 157535K [0x0000000083000000, 0x0000000093c00000, 0x00000000d6580000)
  object space 274432K, 57% used [0x0000000083000000,0x000000008c9d7c38,0x0000000093c00000)
 Metaspace       used 38890K, capacity 39460K, committed 39680K, reserved 1083392K
  class space    used 4924K, capacity 5083K, committed 5120K, reserved 1048576K
}
Event: 113.274 GC heap before
{Heap before GC invocations=21 (full 4):
 PSYoungGen      total 510976K, used 472787K [0x00000000d6580000, 0x00000000fc780000, 0x0000000100000000)
  eden space 438272K, 100% used [0x00000000d6580000,0x00000000f1180000,0x00000000f1180000)
  from space 72704K, 47% used [0x00000000f8080000,0x00000000fa234cd8,0x00000000fc780000)
  to   space 93184K, 0% used [0x00000000f1180000,0x00000000f1180000,0x00000000f6c80000)
 ParOldGen       total 274432K, used 157535K [0x0000000083000000, 0x0000000093c00000, 0x00000000d6580000)
  object space 274432K, 57% used [0x0000000083000000,0x000000008c9d7c38,0x0000000093c00000)
 Metaspace       used 38899K, capacity 39460K, committed 39680K, reserved 1083392K
  class space    used 4924K, capacity 5083K, committed 5120K, reserved 1048576K
Event: 113.298 GC heap after
Heap after GC invocations=21 (full 4):
 PSYoungGen      total 531456K, used 2249K [0x00000000d6580000, 0x0000000100000000, 0x0000000100000000)
  eden space 438272K, 0% used [0x00000000d6580000,0x00000000d6580000,0x00000000f1180000)
  from space 93184K, 2% used [0x00000000f1180000,0x00000000f13b2410,0x00000000f6c80000)
  to   space 92672K, 0% used [0x00000000fa580000,0x00000000fa580000,0x0000000100000000)
 ParOldGen       total 274432K, used 191686K [0x0000000083000000, 0x0000000093c00000, 0x00000000d6580000)
  object space 274432K, 69% used [0x0000000083000000,0x000000008eb31a58,0x0000000093c00000)
 Metaspace       used 38899K, capacity 39460K, committed 39680K, reserved 1083392K
  class space    used 4924K, capacity 5083K, committed 5120K, reserved 1048576K
}
Event: 161.823 GC heap before
{Heap before GC invocations=22 (full 4):
 PSYoungGen      total 531456K, used 440521K [0x00000000d6580000, 0x0000000100000000, 0x0000000100000000)
  eden space 438272K, 100% used [0x00000000d6580000,0x00000000f1180000,0x00000000f1180000)
  from space 93184K, 2% used [0x00000000f1180000,0x00000000f13b2410,0x00000000f6c80000)
  to   space 92672K, 0% used [0x00000000fa580000,0x00000000fa580000,0x0000000100000000)
 ParOldGen       total 274432K, used 191686K [0x0000000083000000, 0x0000000093c00000, 0x00000000d6580000)
  object space 274432K, 69% used [0x0000000083000000,0x000000008eb31a58,0x0000000093c00000)
 Metaspace       used 39021K, capacity 39670K, committed 39936K, reserved 1083392K
  class space    used 4928K, capacity 5086K, committed 5120K, reserved 1048576K
Event: 161.903 GC heap after
Heap after GC invocations=22 (full 4):
 PSYoungGen      total 583680K, used 6548K [0x00000000d6580000, 0x00000000ffa80000, 0x0000000100000000)
  eden space 496640K, 0% used [0x00000000d6580000,0x00000000d6580000,0x00000000f4a80000)
  from space 87040K, 7% used [0x00000000fa580000,0x00000000fabe5388,0x00000000ffa80000)
  to   space 90112K, 0% used [0x00000000f4a80000,0x00000000f4a80000,0x00000000fa280000)
 ParOldGen       total 274432K, used 191694K [0x0000000083000000, 0x0000000093c00000, 0x00000000d6580000)
  object space 274432K, 69% used [0x0000000083000000,0x000000008eb33a58,0x0000000093c00000)
 Metaspace       used 39021K, capacity 39670K, committed 39936K, reserved 1083392K
  class space    used 4928K, capacity 5086K, committed 5120K, reserved 1048576K
}

